[debug] [2026-02-23T09:21:14.729Z] > command requires scopes: ["email","openid","https://www.googleapis.com/auth/cloudplatformprojects.readonly","https://www.googleapis.com/auth/firebase","https://www.googleapis.com/auth/cloud-platform"]
[debug] [2026-02-23T09:21:14.730Z] > authorizing via signed-in user (com3run@gmail.com)
[debug] [2026-02-23T09:21:14.731Z] > command requires scopes: ["email","openid","https://www.googleapis.com/auth/cloudplatformprojects.readonly","https://www.googleapis.com/auth/firebase","https://www.googleapis.com/auth/cloud-platform"]
[debug] [2026-02-23T09:21:14.731Z] > authorizing via signed-in user (com3run@gmail.com)
[debug] [2026-02-23T09:21:14.737Z] > command requires scopes: ["email","openid","https://www.googleapis.com/auth/cloudplatformprojects.readonly","https://www.googleapis.com/auth/firebase","https://www.googleapis.com/auth/cloud-platform"]
[debug] [2026-02-23T09:21:14.737Z] > authorizing via signed-in user (com3run@gmail.com)
[debug] [2026-02-23T09:21:14.754Z] Checked if tokens are valid: false, expires at: 1771598945016
[debug] [2026-02-23T09:21:14.754Z] Checked if tokens are valid: false, expires at: 1771598945016
[debug] [2026-02-23T09:21:14.754Z] > refreshing access token with scopes: []
[debug] [2026-02-23T09:21:14.755Z] >>> [apiv2][query] POST https://www.googleapis.com/oauth2/v3/token [none]
[debug] [2026-02-23T09:21:14.755Z] >>> [apiv2][body] POST https://www.googleapis.com/oauth2/v3/token [omitted]
[debug] [2026-02-23T09:21:14.757Z] Checked if tokens are valid: false, expires at: 1771598945016
[debug] [2026-02-23T09:21:14.757Z] Checked if tokens are valid: false, expires at: 1771598945016
[debug] [2026-02-23T09:21:14.757Z] > refreshing access token with scopes: []
[debug] [2026-02-23T09:21:14.757Z] >>> [apiv2][query] POST https://www.googleapis.com/oauth2/v3/token [none]
[debug] [2026-02-23T09:21:14.757Z] >>> [apiv2][body] POST https://www.googleapis.com/oauth2/v3/token [omitted]
[debug] [2026-02-23T09:21:14.758Z] Checked if tokens are valid: false, expires at: 1771598945016
[debug] [2026-02-23T09:21:14.758Z] Checked if tokens are valid: false, expires at: 1771598945016
[debug] [2026-02-23T09:21:14.758Z] > refreshing access token with scopes: []
[debug] [2026-02-23T09:21:14.758Z] >>> [apiv2][query] POST https://www.googleapis.com/oauth2/v3/token [none]
[debug] [2026-02-23T09:21:14.758Z] >>> [apiv2][body] POST https://www.googleapis.com/oauth2/v3/token [omitted]
[debug] [2026-02-23T09:21:14.999Z] <<< [apiv2][status] POST https://www.googleapis.com/oauth2/v3/token 200
[debug] [2026-02-23T09:21:14.999Z] <<< [apiv2][body] POST https://www.googleapis.com/oauth2/v3/token [omitted]
[debug] [2026-02-23T09:21:15.019Z] >>> [apiv2][query] GET https://serviceusage.googleapis.com/v1/projects//services/firebaseappdistribution.googleapis.com [none]
[debug] [2026-02-23T09:21:15.019Z] >>> [apiv2][(partial)header] GET https://serviceusage.googleapis.com/v1/projects//services/firebaseappdistribution.googleapis.com x-goog-quota-user=projects/
[debug] [2026-02-23T09:21:15.022Z] <<< [apiv2][status] POST https://www.googleapis.com/oauth2/v3/token 200
[debug] [2026-02-23T09:21:15.022Z] <<< [apiv2][body] POST https://www.googleapis.com/oauth2/v3/token [omitted]
[debug] [2026-02-23T09:21:15.037Z] >>> [apiv2][query] GET https://serviceusage.googleapis.com/v1/projects//services/firebaseappdistribution.googleapis.com [none]
[debug] [2026-02-23T09:21:15.037Z] >>> [apiv2][(partial)header] GET https://serviceusage.googleapis.com/v1/projects//services/firebaseappdistribution.googleapis.com x-goog-quota-user=projects/
[debug] [2026-02-23T09:21:15.038Z] <<< [apiv2][status] POST https://www.googleapis.com/oauth2/v3/token 200
[debug] [2026-02-23T09:21:15.038Z] <<< [apiv2][body] POST https://www.googleapis.com/oauth2/v3/token [omitted]
[debug] [2026-02-23T09:21:15.049Z] >>> [apiv2][query] GET https://serviceusage.googleapis.com/v1/projects//services/firebaseappdistribution.googleapis.com [none]
[debug] [2026-02-23T09:21:15.050Z] >>> [apiv2][(partial)header] GET https://serviceusage.googleapis.com/v1/projects//services/firebaseappdistribution.googleapis.com x-goog-quota-user=projects/
[debug] [2026-02-23T09:21:16.522Z] <<< [apiv2][status] GET https://serviceusage.googleapis.com/v1/projects//services/firebaseappdistribution.googleapis.com 400
[debug] [2026-02-23T09:21:16.522Z] <<< [apiv2][body] GET https://serviceusage.googleapis.com/v1/projects//services/firebaseappdistribution.googleapis.com [omitted]
[debug] [2026-02-23T09:21:16.526Z] <<< [apiv2][status] GET https://serviceusage.googleapis.com/v1/projects//services/firebaseappdistribution.googleapis.com 400
[debug] [2026-02-23T09:21:16.526Z] <<< [apiv2][body] GET https://serviceusage.googleapis.com/v1/projects//services/firebaseappdistribution.googleapis.com [omitted]
[debug] [2026-02-23T09:21:16.536Z] <<< [apiv2][status] GET https://serviceusage.googleapis.com/v1/projects//services/firebaseappdistribution.googleapis.com 400
[debug] [2026-02-23T09:21:16.536Z] <<< [apiv2][body] GET https://serviceusage.googleapis.com/v1/projects//services/firebaseappdistribution.googleapis.com [omitted]
[debug] [2026-02-23T09:21:16.591Z] > command requires scopes: ["email","openid","https://www.googleapis.com/auth/cloudplatformprojects.readonly","https://www.googleapis.com/auth/firebase","https://www.googleapis.com/auth/cloud-platform"]
[debug] [2026-02-23T09:21:16.591Z] > authorizing via signed-in user (com3run@gmail.com)
[debug] [2026-02-23T09:21:16.592Z] > command requires scopes: ["email","openid","https://www.googleapis.com/auth/cloudplatformprojects.readonly","https://www.googleapis.com/auth/firebase","https://www.googleapis.com/auth/cloud-platform"]
[debug] [2026-02-23T09:21:16.592Z] > authorizing via signed-in user (com3run@gmail.com)
[debug] [2026-02-23T09:21:16.593Z] > command requires scopes: ["email","openid","https://www.googleapis.com/auth/cloudplatformprojects.readonly","https://www.googleapis.com/auth/firebase","https://www.googleapis.com/auth/cloud-platform"]
[debug] [2026-02-23T09:21:16.593Z] > authorizing via signed-in user (com3run@gmail.com)
[debug] [2026-02-23T09:21:16.594Z] > command requires scopes: ["email","openid","https://www.googleapis.com/auth/cloudplatformprojects.readonly","https://www.googleapis.com/auth/firebase","https://www.googleapis.com/auth/cloud-platform"]
[debug] [2026-02-23T09:21:16.594Z] > authorizing via signed-in user (com3run@gmail.com)
[debug] [2026-02-24T13:41:07.825Z] > command requires scopes: ["email","openid","https://www.googleapis.com/auth/cloudplatformprojects.readonly","https://www.googleapis.com/auth/firebase","https://www.googleapis.com/auth/cloud-platform"]
[debug] [2026-02-24T13:41:07.826Z] > authorizing via signed-in user (com3run@gmail.com)
[debug] [2026-02-24T13:41:07.826Z] > command requires scopes: ["email","openid","https://www.googleapis.com/auth/cloudplatformprojects.readonly","https://www.googleapis.com/auth/firebase","https://www.googleapis.com/auth/cloud-platform"]
[debug] [2026-02-24T13:41:07.826Z] > authorizing via signed-in user (com3run@gmail.com)
[debug] [2026-02-24T13:41:07.832Z] > command requires scopes: ["email","openid","https://www.googleapis.com/auth/cloudplatformprojects.readonly","https://www.googleapis.com/auth/firebase","https://www.googleapis.com/auth/cloud-platform"]
[debug] [2026-02-24T13:41:07.832Z] > authorizing via signed-in user (com3run@gmail.com)
[debug] [2026-02-24T13:41:07.851Z] Checked if tokens are valid: false, expires at: 1771853608021
[debug] [2026-02-24T13:41:07.851Z] Checked if tokens are valid: false, expires at: 1771853608021
[debug] [2026-02-24T13:41:07.851Z] > refreshing access token with scopes: []
[debug] [2026-02-24T13:41:07.852Z] >>> [apiv2][query] POST https://www.googleapis.com/oauth2/v3/token [none]
[debug] [2026-02-24T13:41:07.852Z] >>> [apiv2][body] POST https://www.googleapis.com/oauth2/v3/token [omitted]
[debug] [2026-02-24T13:41:07.853Z] Checked if tokens are valid: false, expires at: 1771853608021
[debug] [2026-02-24T13:41:07.853Z] Checked if tokens are valid: false, expires at: 1771853608021
[debug] [2026-02-24T13:41:07.853Z] > refreshing access token with scopes: []
[debug] [2026-02-24T13:41:07.853Z] >>> [apiv2][query] POST https://www.googleapis.com/oauth2/v3/token [none]
[debug] [2026-02-24T13:41:07.853Z] >>> [apiv2][body] POST https://www.googleapis.com/oauth2/v3/token [omitted]
[debug] [2026-02-24T13:41:07.854Z] Checked if tokens are valid: false, expires at: 1771853608021
[debug] [2026-02-24T13:41:07.854Z] Checked if tokens are valid: false, expires at: 1771853608021
[debug] [2026-02-24T13:41:07.854Z] > refreshing access token with scopes: []
[debug] [2026-02-24T13:41:07.854Z] >>> [apiv2][query] POST https://www.googleapis.com/oauth2/v3/token [none]
[debug] [2026-02-24T13:41:07.854Z] >>> [apiv2][body] POST https://www.googleapis.com/oauth2/v3/token [omitted]
[debug] [2026-02-24T13:41:08.175Z] <<< [apiv2][status] POST https://www.googleapis.com/oauth2/v3/token 200
[debug] [2026-02-24T13:41:08.175Z] <<< [apiv2][body] POST https://www.googleapis.com/oauth2/v3/token [omitted]
[debug] [2026-02-24T13:41:08.191Z] >>> [apiv2][query] GET https://serviceusage.googleapis.com/v1/projects//services/firebaseappdistribution.googleapis.com [none]
[debug] [2026-02-24T13:41:08.191Z] >>> [apiv2][(partial)header] GET https://serviceusage.googleapis.com/v1/projects//services/firebaseappdistribution.googleapis.com x-goog-quota-user=projects/
[debug] [2026-02-24T13:41:08.193Z] <<< [apiv2][status] POST https://www.googleapis.com/oauth2/v3/token 200
[debug] [2026-02-24T13:41:08.193Z] <<< [apiv2][body] POST https://www.googleapis.com/oauth2/v3/token [omitted]
[debug] [2026-02-24T13:41:08.204Z] >>> [apiv2][query] GET https://serviceusage.googleapis.com/v1/projects//services/firebaseappdistribution.googleapis.com [none]
[debug] [2026-02-24T13:41:08.204Z] >>> [apiv2][(partial)header] GET https://serviceusage.googleapis.com/v1/projects//services/firebaseappdistribution.googleapis.com x-goog-quota-user=projects/
[debug] [2026-02-24T13:41:08.206Z] <<< [apiv2][status] POST https://www.googleapis.com/oauth2/v3/token 200
[debug] [2026-02-24T13:41:08.206Z] <<< [apiv2][body] POST https://www.googleapis.com/oauth2/v3/token [omitted]
[debug] [2026-02-24T13:41:08.217Z] >>> [apiv2][query] GET https://serviceusage.googleapis.com/v1/projects//services/firebaseappdistribution.googleapis.com [none]
[debug] [2026-02-24T13:41:08.217Z] >>> [apiv2][(partial)header] GET https://serviceusage.googleapis.com/v1/projects//services/firebaseappdistribution.googleapis.com x-goog-quota-user=projects/
[debug] [2026-02-24T13:41:09.781Z] <<< [apiv2][status] GET https://serviceusage.googleapis.com/v1/projects//services/firebaseappdistribution.googleapis.com 400
[debug] [2026-02-24T13:41:09.781Z] <<< [apiv2][body] GET https://serviceusage.googleapis.com/v1/projects//services/firebaseappdistribution.googleapis.com [omitted]
[debug] [2026-02-24T13:41:09.785Z] <<< [apiv2][status] GET https://serviceusage.googleapis.com/v1/projects//services/firebaseappdistribution.googleapis.com 400
[debug] [2026-02-24T13:41:09.785Z] <<< [apiv2][body] GET https://serviceusage.googleapis.com/v1/projects//services/firebaseappdistribution.googleapis.com [omitted]
[debug] [2026-02-24T13:41:09.786Z] <<< [apiv2][status] GET https://serviceusage.googleapis.com/v1/projects//services/firebaseappdistribution.googleapis.com 400
[debug] [2026-02-24T13:41:09.786Z] <<< [apiv2][body] GET https://serviceusage.googleapis.com/v1/projects//services/firebaseappdistribution.googleapis.com [omitted]
[debug] [2026-02-24T13:41:09.877Z] > command requires scopes: ["email","openid","https://www.googleapis.com/auth/cloudplatformprojects.readonly","https://www.googleapis.com/auth/firebase","https://www.googleapis.com/auth/cloud-platform"]
[debug] [2026-02-24T13:41:09.878Z] > authorizing via signed-in user (com3run@gmail.com)
[debug] [2026-02-24T13:41:09.879Z] > command requires scopes: ["email","openid","https://www.googleapis.com/auth/cloudplatformprojects.readonly","https://www.googleapis.com/auth/firebase","https://www.googleapis.com/auth/cloud-platform"]
[debug] [2026-02-24T13:41:09.879Z] > authorizing via signed-in user (com3run@gmail.com)
[debug] [2026-02-24T13:41:09.881Z] > command requires scopes: ["email","openid","https://www.googleapis.com/auth/cloudplatformprojects.readonly","https://www.googleapis.com/auth/firebase","https://www.googleapis.com/auth/cloud-platform"]
[debug] [2026-02-24T13:41:09.881Z] > authorizing via signed-in user (com3run@gmail.com)
[debug] [2026-02-24T13:41:09.882Z] > command requires scopes: ["email","openid","https://www.googleapis.com/auth/cloudplatformprojects.readonly","https://www.googleapis.com/auth/firebase","https://www.googleapis.com/auth/cloud-platform"]
[debug] [2026-02-24T13:41:09.882Z] > authorizing via signed-in user (com3run@gmail.com)
[debug] [2026-02-26T01:56:22.593Z] > command requires scopes: ["email","openid","https://www.googleapis.com/auth/cloudplatformprojects.readonly","https://www.googleapis.com/auth/firebase","https://www.googleapis.com/auth/cloud-platform"]
[debug] [2026-02-26T01:56:22.594Z] > authorizing via signed-in user (com3run@gmail.com)
[debug] [2026-02-26T01:56:22.594Z] > command requires scopes: ["email","openid","https://www.googleapis.com/auth/cloudplatformprojects.readonly","https://www.googleapis.com/auth/firebase","https://www.googleapis.com/auth/cloud-platform"]
[debug] [2026-02-26T01:56:22.594Z] > authorizing via signed-in user (com3run@gmail.com)
[debug] [2026-02-26T01:56:22.600Z] > command requires scopes: ["email","openid","https://www.googleapis.com/auth/cloudplatformprojects.readonly","https://www.googleapis.com/auth/firebase","https://www.googleapis.com/auth/cloud-platform"]
[debug] [2026-02-26T01:56:22.600Z] > authorizing via signed-in user (com3run@gmail.com)
[debug] [2026-02-26T01:56:22.619Z] Checked if tokens are valid: false, expires at: 1771944067206
[debug] [2026-02-26T01:56:22.619Z] Checked if tokens are valid: false, expires at: 1771944067206
[debug] [2026-02-26T01:56:22.619Z] > refreshing access token with scopes: []
[debug] [2026-02-26T01:56:22.620Z] >>> [apiv2][query] POST https://www.googleapis.com/oauth2/v3/token [none]
[debug] [2026-02-26T01:56:22.620Z] >>> [apiv2][body] POST https://www.googleapis.com/oauth2/v3/token [omitted]
[debug] [2026-02-26T01:56:22.621Z] Checked if tokens are valid: false, expires at: 1771944067206
[debug] [2026-02-26T01:56:22.621Z] Checked if tokens are valid: false, expires at: 1771944067206
[debug] [2026-02-26T01:56:22.621Z] > refreshing access token with scopes: []
[debug] [2026-02-26T01:56:22.621Z] >>> [apiv2][query] POST https://www.googleapis.com/oauth2/v3/token [none]
[debug] [2026-02-26T01:56:22.621Z] >>> [apiv2][body] POST https://www.googleapis.com/oauth2/v3/token [omitted]
[debug] [2026-02-26T01:56:22.622Z] Checked if tokens are valid: false, expires at: 1771944067206
[debug] [2026-02-26T01:56:22.623Z] Checked if tokens are valid: false, expires at: 1771944067206
[debug] [2026-02-26T01:56:22.623Z] > refreshing access token with scopes: []
[debug] [2026-02-26T01:56:22.623Z] >>> [apiv2][query] POST https://www.googleapis.com/oauth2/v3/token [none]
[debug] [2026-02-26T01:56:22.623Z] >>> [apiv2][body] POST https://www.googleapis.com/oauth2/v3/token [omitted]
[debug] [2026-02-26T01:56:22.858Z] <<< [apiv2][status] POST https://www.googleapis.com/oauth2/v3/token 200
[debug] [2026-02-26T01:56:22.858Z] <<< [apiv2][body] POST https://www.googleapis.com/oauth2/v3/token [omitted]
[debug] [2026-02-26T01:56:22.872Z] >>> [apiv2][query] GET https://serviceusage.googleapis.com/v1/projects//services/firebaseappdistribution.googleapis.com [none]
[debug] [2026-02-26T01:56:22.872Z] >>> [apiv2][(partial)header] GET https://serviceusage.googleapis.com/v1/projects//services/firebaseappdistribution.googleapis.com x-goog-quota-user=projects/
[debug] [2026-02-26T01:56:22.873Z] <<< [apiv2][status] POST https://www.googleapis.com/oauth2/v3/token 200
[debug] [2026-02-26T01:56:22.873Z] <<< [apiv2][body] POST https://www.googleapis.com/oauth2/v3/token [omitted]
[debug] [2026-02-26T01:56:22.885Z] >>> [apiv2][query] GET https://serviceusage.googleapis.com/v1/projects//services/firebaseappdistribution.googleapis.com [none]
[debug] [2026-02-26T01:56:22.885Z] >>> [apiv2][(partial)header] GET https://serviceusage.googleapis.com/v1/projects//services/firebaseappdistribution.googleapis.com x-goog-quota-user=projects/
[debug] [2026-02-26T01:56:22.886Z] <<< [apiv2][status] POST https://www.googleapis.com/oauth2/v3/token 200
[debug] [2026-02-26T01:56:22.886Z] <<< [apiv2][body] POST https://www.googleapis.com/oauth2/v3/token [omitted]
[debug] [2026-02-26T01:56:22.896Z] >>> [apiv2][query] GET https://serviceusage.googleapis.com/v1/projects//services/firebaseappdistribution.googleapis.com [none]
[debug] [2026-02-26T01:56:22.896Z] >>> [apiv2][(partial)header] GET https://serviceusage.googleapis.com/v1/projects//services/firebaseappdistribution.googleapis.com x-goog-quota-user=projects/
[debug] [2026-02-26T01:56:24.481Z] <<< [apiv2][status] GET https://serviceusage.googleapis.com/v1/projects//services/firebaseappdistribution.googleapis.com 400
[debug] [2026-02-26T01:56:24.481Z] <<< [apiv2][body] GET https://serviceusage.googleapis.com/v1/projects//services/firebaseappdistribution.googleapis.com [omitted]
[debug] [2026-02-26T01:56:24.484Z] <<< [apiv2][status] GET https://serviceusage.googleapis.com/v1/projects//services/firebaseappdistribution.googleapis.com 400
[debug] [2026-02-26T01:56:24.484Z] <<< [apiv2][body] GET https://serviceusage.googleapis.com/v1/projects//services/firebaseappdistribution.googleapis.com [omitted]
[debug] [2026-02-26T01:56:24.501Z] <<< [apiv2][status] GET https://serviceusage.googleapis.com/v1/projects//services/firebaseappdistribution.googleapis.com 400
[debug] [2026-02-26T01:56:24.501Z] <<< [apiv2][body] GET https://serviceusage.googleapis.com/v1/projects//services/firebaseappdistribution.googleapis.com [omitted]
[debug] [2026-02-26T01:56:24.590Z] > command requires scopes: ["email","openid","https://www.googleapis.com/auth/cloudplatformprojects.readonly","https://www.googleapis.com/auth/firebase","https://www.googleapis.com/auth/cloud-platform"]
[debug] [2026-02-26T01:56:24.590Z] > authorizing via signed-in user (com3run@gmail.com)
[debug] [2026-02-26T01:56:24.590Z] > command requires scopes: ["email","openid","https://www.googleapis.com/auth/cloudplatformprojects.readonly","https://www.googleapis.com/auth/firebase","https://www.googleapis.com/auth/cloud-platform"]
[debug] [2026-02-26T01:56:24.590Z] > authorizing via signed-in user (com3run@gmail.com)
[debug] [2026-02-26T01:56:24.595Z] > command requires scopes: ["email","openid","https://www.googleapis.com/auth/cloudplatformprojects.readonly","https://www.googleapis.com/auth/firebase","https://www.googleapis.com/auth/cloud-platform"]
[debug] [2026-02-26T01:56:24.595Z] > authorizing via signed-in user (com3run@gmail.com)
[debug] [2026-02-26T01:56:24.595Z] > command requires scopes: ["email","openid","https://www.googleapis.com/auth/cloudplatformprojects.readonly","https://www.googleapis.com/auth/firebase","https://www.googleapis.com/auth/cloud-platform"]
[debug] [2026-02-26T01:56:24.595Z] > authorizing via signed-in user (com3run@gmail.com)
[debug] [2026-02-26T02:24:04.270Z] > command requires scopes: ["email","openid","https://www.googleapis.com/auth/cloudplatformprojects.readonly","https://www.googleapis.com/auth/firebase","https://www.googleapis.com/auth/cloud-platform"]
[debug] [2026-02-26T02:24:04.272Z] > authorizing via signed-in user (com3run@gmail.com)
[debug] [2026-02-26T02:24:04.272Z] > command requires scopes: ["email","openid","https://www.googleapis.com/auth/cloudplatformprojects.readonly","https://www.googleapis.com/auth/firebase","https://www.googleapis.com/auth/cloud-platform"]
[debug] [2026-02-26T02:24:04.272Z] > authorizing via signed-in user (com3run@gmail.com)
[debug] [2026-02-26T02:24:04.278Z] > command requires scopes: ["email","openid","https://www.googleapis.com/auth/cloudplatformprojects.readonly","https://www.googleapis.com/auth/firebase","https://www.googleapis.com/auth/cloud-platform"]
[debug] [2026-02-26T02:24:04.278Z] > authorizing via signed-in user (com3run@gmail.com)
[debug] [2026-02-26T02:24:04.297Z] Checked if tokens are valid: true, expires at: 1772074581886
[debug] [2026-02-26T02:24:04.297Z] Checked if tokens are valid: true, expires at: 1772074581886
[debug] [2026-02-26T02:24:04.297Z] >>> [apiv2][query] GET https://serviceusage.googleapis.com/v1/projects//services/firebaseappdistribution.googleapis.com [none]
[debug] [2026-02-26T02:24:04.297Z] >>> [apiv2][(partial)header] GET https://serviceusage.googleapis.com/v1/projects//services/firebaseappdistribution.googleapis.com x-goog-quota-user=projects/
[debug] [2026-02-26T02:24:04.299Z] Checked if tokens are valid: true, expires at: 1772074581886
[debug] [2026-02-26T02:24:04.299Z] Checked if tokens are valid: true, expires at: 1772074581886
[debug] [2026-02-26T02:24:04.299Z] >>> [apiv2][query] GET https://serviceusage.googleapis.com/v1/projects//services/firebaseappdistribution.googleapis.com [none]
[debug] [2026-02-26T02:24:04.299Z] >>> [apiv2][(partial)header] GET https://serviceusage.googleapis.com/v1/projects//services/firebaseappdistribution.googleapis.com x-goog-quota-user=projects/
[debug] [2026-02-26T02:24:04.300Z] Checked if tokens are valid: true, expires at: 1772074581886
[debug] [2026-02-26T02:24:04.300Z] Checked if tokens are valid: true, expires at: 1772074581886
[debug] [2026-02-26T02:24:04.300Z] >>> [apiv2][query] GET https://serviceusage.googleapis.com/v1/projects//services/firebaseappdistribution.googleapis.com [none]
[debug] [2026-02-26T02:24:04.300Z] >>> [apiv2][(partial)header] GET https://serviceusage.googleapis.com/v1/projects//services/firebaseappdistribution.googleapis.com x-goog-quota-user=projects/
[debug] [2026-02-26T02:24:05.954Z] <<< [apiv2][status] GET https://serviceusage.googleapis.com/v1/projects//services/firebaseappdistribution.googleapis.com 400
[debug] [2026-02-26T02:24:05.954Z] <<< [apiv2][body] GET https://serviceusage.googleapis.com/v1/projects//services/firebaseappdistribution.googleapis.com [omitted]
[debug] [2026-02-26T02:24:06.012Z] <<< [apiv2][status] GET https://serviceusage.googleapis.com/v1/projects//services/firebaseappdistribution.googleapis.com 400
[debug] [2026-02-26T02:24:06.012Z] <<< [apiv2][body] GET https://serviceusage.googleapis.com/v1/projects//services/firebaseappdistribution.googleapis.com [omitted]
[debug] [2026-02-26T02:24:06.022Z] <<< [apiv2][status] GET https://serviceusage.googleapis.com/v1/projects//services/firebaseappdistribution.googleapis.com 400
[debug] [2026-02-26T02:24:06.022Z] <<< [apiv2][body] GET https://serviceusage.googleapis.com/v1/projects//services/firebaseappdistribution.googleapis.com [omitted]
[debug] [2026-02-26T02:24:06.067Z] > command requires scopes: ["email","openid","https://www.googleapis.com/auth/cloudplatformprojects.readonly","https://www.googleapis.com/auth/firebase","https://www.googleapis.com/auth/cloud-platform"]
[debug] [2026-02-26T02:24:06.067Z] > authorizing via signed-in user (com3run@gmail.com)
[debug] [2026-02-26T02:24:06.068Z] > command requires scopes: ["email","openid","https://www.googleapis.com/auth/cloudplatformprojects.readonly","https://www.googleapis.com/auth/firebase","https://www.googleapis.com/auth/cloud-platform"]
[debug] [2026-02-26T02:24:06.068Z] > authorizing via signed-in user (com3run@gmail.com)
[debug] [2026-02-26T02:24:06.072Z] > command requires scopes: ["email","openid","https://www.googleapis.com/auth/cloudplatformprojects.readonly","https://www.googleapis.com/auth/firebase","https://www.googleapis.com/auth/cloud-platform"]
[debug] [2026-02-26T02:24:06.072Z] > authorizing via signed-in user (com3run@gmail.com)
[debug] [2026-02-26T02:24:06.072Z] > command requires scopes: ["email","openid","https://www.googleapis.com/auth/cloudplatformprojects.readonly","https://www.googleapis.com/auth/firebase","https://www.googleapis.com/auth/cloud-platform"]
[debug] [2026-02-26T02:24:06.073Z] > authorizing via signed-in user (com3run@gmail.com)
[debug] [2026-02-26T02:33:24.861Z] > command requires scopes: ["email","openid","https://www.googleapis.com/auth/cloudplatformprojects.readonly","https://www.googleapis.com/auth/firebase","https://www.googleapis.com/auth/cloud-platform"]
[debug] [2026-02-26T02:33:24.862Z] > authorizing via signed-in user (com3run@gmail.com)
[debug] [2026-02-26T02:33:24.862Z] > command requires scopes: ["email","openid","https://www.googleapis.com/auth/cloudplatformprojects.readonly","https://www.googleapis.com/auth/firebase","https://www.googleapis.com/auth/cloud-platform"]
[debug] [2026-02-26T02:33:24.862Z] > authorizing via signed-in user (com3run@gmail.com)
[debug] [2026-02-26T02:33:24.869Z] > command requires scopes: ["email","openid","https://www.googleapis.com/auth/cloudplatformprojects.readonly","https://www.googleapis.com/auth/firebase","https://www.googleapis.com/auth/cloud-platform"]
[debug] [2026-02-26T02:33:24.869Z] > authorizing via signed-in user (com3run@gmail.com)
[debug] [2026-02-26T02:33:24.888Z] Checked if tokens are valid: true, expires at: 1772074581886
[debug] [2026-02-26T02:33:24.888Z] Checked if tokens are valid: true, expires at: 1772074581886
[debug] [2026-02-26T02:33:24.888Z] >>> [apiv2][query] GET https://serviceusage.googleapis.com/v1/projects//services/firebaseappdistribution.googleapis.com [none]
[debug] [2026-02-26T02:33:24.889Z] >>> [apiv2][(partial)header] GET https://serviceusage.googleapis.com/v1/projects//services/firebaseappdistribution.googleapis.com x-goog-quota-user=projects/
[debug] [2026-02-26T02:33:24.890Z] Checked if tokens are valid: true, expires at: 1772074581886
[debug] [2026-02-26T02:33:24.890Z] Checked if tokens are valid: true, expires at: 1772074581886
[debug] [2026-02-26T02:33:24.890Z] >>> [apiv2][query] GET https://serviceusage.googleapis.com/v1/projects//services/firebaseappdistribution.googleapis.com [none]
[debug] [2026-02-26T02:33:24.890Z] >>> [apiv2][(partial)header] GET https://serviceusage.googleapis.com/v1/projects//services/firebaseappdistribution.googleapis.com x-goog-quota-user=projects/
[debug] [2026-02-26T02:33:24.892Z] Checked if tokens are valid: true, expires at: 1772074581886
[debug] [2026-02-26T02:33:24.892Z] Checked if tokens are valid: true, expires at: 1772074581886
[debug] [2026-02-26T02:33:24.892Z] >>> [apiv2][query] GET https://serviceusage.googleapis.com/v1/projects//services/firebaseappdistribution.googleapis.com [none]
[debug] [2026-02-26T02:33:24.892Z] >>> [apiv2][(partial)header] GET https://serviceusage.googleapis.com/v1/projects//services/firebaseappdistribution.googleapis.com x-goog-quota-user=projects/
[debug] [2026-02-26T02:33:26.549Z] <<< [apiv2][status] GET https://serviceusage.googleapis.com/v1/projects//services/firebaseappdistribution.googleapis.com 400
[debug] [2026-02-26T02:33:26.549Z] <<< [apiv2][body] GET https://serviceusage.googleapis.com/v1/projects//services/firebaseappdistribution.googleapis.com [omitted]
[debug] [2026-02-26T02:33:26.553Z] <<< [apiv2][status] GET https://serviceusage.googleapis.com/v1/projects//services/firebaseappdistribution.googleapis.com 400
[debug] [2026-02-26T02:33:26.553Z] <<< [apiv2][body] GET https://serviceusage.googleapis.com/v1/projects//services/firebaseappdistribution.googleapis.com [omitted]
[debug] [2026-02-26T02:33:26.562Z] <<< [apiv2][status] GET https://serviceusage.googleapis.com/v1/projects//services/firebaseappdistribution.googleapis.com 400
[debug] [2026-02-26T02:33:26.562Z] <<< [apiv2][body] GET https://serviceusage.googleapis.com/v1/projects//services/firebaseappdistribution.googleapis.com [omitted]
[debug] [2026-02-26T02:33:26.599Z] > command requires scopes: ["email","openid","https://www.googleapis.com/auth/cloudplatformprojects.readonly","https://www.googleapis.com/auth/firebase","https://www.googleapis.com/auth/cloud-platform"]
[debug] [2026-02-26T02:33:26.600Z] > authorizing via signed-in user (com3run@gmail.com)
[debug] [2026-02-26T02:33:26.600Z] > command requires scopes: ["email","openid","https://www.googleapis.com/auth/cloudplatformprojects.readonly","https://www.googleapis.com/auth/firebase","https://www.googleapis.com/auth/cloud-platform"]
[debug] [2026-02-26T02:33:26.600Z] > authorizing via signed-in user (com3run@gmail.com)
[debug] [2026-02-26T02:33:26.656Z] > command requires scopes: ["email","openid","https://www.googleapis.com/auth/cloudplatformprojects.readonly","https://www.googleapis.com/auth/firebase","https://www.googleapis.com/auth/cloud-platform"]
[debug] [2026-02-26T02:33:26.656Z] > authorizing via signed-in user (com3run@gmail.com)
[debug] [2026-02-26T02:33:26.656Z] > command requires scopes: ["email","openid","https://www.googleapis.com/auth/cloudplatformprojects.readonly","https://www.googleapis.com/auth/firebase","https://www.googleapis.com/auth/cloud-platform"]
[debug] [2026-02-26T02:33:26.656Z] > authorizing via signed-in user (com3run@gmail.com)
[debug] [2026-02-26T04:04:18.605Z] > command requires scopes: ["email","openid","https://www.googleapis.com/auth/cloudplatformprojects.readonly","https://www.googleapis.com/auth/firebase","https://www.googleapis.com/auth/cloud-platform"]
[debug] [2026-02-26T04:04:18.606Z] > authorizing via signed-in user (com3run@gmail.com)
[debug] [2026-02-26T04:04:18.606Z] > command requires scopes: ["email","openid","https://www.googleapis.com/auth/cloudplatformprojects.readonly","https://www.googleapis.com/auth/firebase","https://www.googleapis.com/auth/cloud-platform"]
[debug] [2026-02-26T04:04:18.606Z] > authorizing via signed-in user (com3run@gmail.com)
[debug] [2026-02-26T04:04:18.613Z] > command requires scopes: ["email","openid","https://www.googleapis.com/auth/cloudplatformprojects.readonly","https://www.googleapis.com/auth/firebase","https://www.googleapis.com/auth/cloud-platform"]
[debug] [2026-02-26T04:04:18.614Z] > authorizing via signed-in user (com3run@gmail.com)
[debug] [2026-02-26T04:04:18.643Z] Checked if tokens are valid: false, expires at: 1772074581886
[debug] [2026-02-26T04:04:18.644Z] Checked if tokens are valid: false, expires at: 1772074581886
[debug] [2026-02-26T04:04:18.644Z] > refreshing access token with scopes: []
[debug] [2026-02-26T04:04:18.645Z] >>> [apiv2][query] POST https://www.googleapis.com/oauth2/v3/token [none]
[debug] [2026-02-26T04:04:18.645Z] >>> [apiv2][body] POST https://www.googleapis.com/oauth2/v3/token [omitted]
[debug] [2026-02-26T04:04:18.647Z] Checked if tokens are valid: false, expires at: 1772074581886
[debug] [2026-02-26T04:04:18.647Z] Checked if tokens are valid: false, expires at: 1772074581886
[debug] [2026-02-26T04:04:18.647Z] > refreshing access token with scopes: []
[debug] [2026-02-26T04:04:18.647Z] >>> [apiv2][query] POST https://www.googleapis.com/oauth2/v3/token [none]
[debug] [2026-02-26T04:04:18.647Z] >>> [apiv2][body] POST https://www.googleapis.com/oauth2/v3/token [omitted]
[debug] [2026-02-26T04:04:18.648Z] Checked if tokens are valid: false, expires at: 1772074581886
[debug] [2026-02-26T04:04:18.648Z] Checked if tokens are valid: false, expires at: 1772074581886
[debug] [2026-02-26T04:04:18.648Z] > refreshing access token with scopes: []
[debug] [2026-02-26T04:04:18.648Z] >>> [apiv2][query] POST https://www.googleapis.com/oauth2/v3/token [none]
[debug] [2026-02-26T04:04:18.648Z] >>> [apiv2][body] POST https://www.googleapis.com/oauth2/v3/token [omitted]
[debug] [2026-02-26T04:04:18.845Z] <<< [apiv2][status] POST https://www.googleapis.com/oauth2/v3/token 200
[debug] [2026-02-26T04:04:18.845Z] <<< [apiv2][body] POST https://www.googleapis.com/oauth2/v3/token [omitted]
[debug] [2026-02-26T04:04:18.883Z] >>> [apiv2][query] GET https://serviceusage.googleapis.com/v1/projects//services/firebaseappdistribution.googleapis.com [none]
[debug] [2026-02-26T04:04:18.883Z] >>> [apiv2][(partial)header] GET https://serviceusage.googleapis.com/v1/projects//services/firebaseappdistribution.googleapis.com x-goog-quota-user=projects/
[debug] [2026-02-26T04:04:18.884Z] <<< [apiv2][status] POST https://www.googleapis.com/oauth2/v3/token 200
[debug] [2026-02-26T04:04:18.884Z] <<< [apiv2][body] POST https://www.googleapis.com/oauth2/v3/token [omitted]
[debug] [2026-02-26T04:04:18.917Z] >>> [apiv2][query] GET https://serviceusage.googleapis.com/v1/projects//services/firebaseappdistribution.googleapis.com [none]
[debug] [2026-02-26T04:04:18.917Z] >>> [apiv2][(partial)header] GET https://serviceusage.googleapis.com/v1/projects//services/firebaseappdistribution.googleapis.com x-goog-quota-user=projects/
[debug] [2026-02-26T04:04:19.323Z] <<< [apiv2][status] POST https://www.googleapis.com/oauth2/v3/token 200
[debug] [2026-02-26T04:04:19.323Z] <<< [apiv2][body] POST https://www.googleapis.com/oauth2/v3/token [omitted]
[debug] [2026-02-26T04:04:19.339Z] >>> [apiv2][query] GET https://serviceusage.googleapis.com/v1/projects//services/firebaseappdistribution.googleapis.com [none]
[debug] [2026-02-26T04:04:19.339Z] >>> [apiv2][(partial)header] GET https://serviceusage.googleapis.com/v1/projects//services/firebaseappdistribution.googleapis.com x-goog-quota-user=projects/
[debug] [2026-02-26T04:04:20.414Z] <<< [apiv2][status] GET https://serviceusage.googleapis.com/v1/projects//services/firebaseappdistribution.googleapis.com 400
[debug] [2026-02-26T04:04:20.414Z] <<< [apiv2][body] GET https://serviceusage.googleapis.com/v1/projects//services/firebaseappdistribution.googleapis.com [omitted]
[debug] [2026-02-26T04:04:20.527Z] <<< [apiv2][status] GET https://serviceusage.googleapis.com/v1/projects//services/firebaseappdistribution.googleapis.com 400
[debug] [2026-02-26T04:04:20.527Z] <<< [apiv2][body] GET https://serviceusage.googleapis.com/v1/projects//services/firebaseappdistribution.googleapis.com [omitted]
[debug] [2026-02-26T04:04:20.590Z] > command requires scopes: ["email","openid","https://www.googleapis.com/auth/cloudplatformprojects.readonly","https://www.googleapis.com/auth/firebase","https://www.googleapis.com/auth/cloud-platform"]
[debug] [2026-02-26T04:04:20.590Z] > authorizing via signed-in user (com3run@gmail.com)
[debug] [2026-02-26T04:04:20.590Z] > command requires scopes: ["email","openid","https://www.googleapis.com/auth/cloudplatformprojects.readonly","https://www.googleapis.com/auth/firebase","https://www.googleapis.com/auth/cloud-platform"]
[debug] [2026-02-26T04:04:20.590Z] > authorizing via signed-in user (com3run@gmail.com)
[debug] [2026-02-26T04:04:20.780Z] <<< [apiv2][status] GET https://serviceusage.googleapis.com/v1/projects//services/firebaseappdistribution.googleapis.com 400
[debug] [2026-02-26T04:04:20.780Z] <<< [apiv2][body] GET https://serviceusage.googleapis.com/v1/projects//services/firebaseappdistribution.googleapis.com [omitted]
[debug] [2026-02-26T04:04:20.856Z] > command requires scopes: ["email","openid","https://www.googleapis.com/auth/cloudplatformprojects.readonly","https://www.googleapis.com/auth/firebase","https://www.googleapis.com/auth/cloud-platform"]
[debug] [2026-02-26T04:04:20.857Z] > authorizing via signed-in user (com3run@gmail.com)
[debug] [2026-02-26T04:04:20.857Z] > command requires scopes: ["email","openid","https://www.googleapis.com/auth/cloudplatformprojects.readonly","https://www.googleapis.com/auth/firebase","https://www.googleapis.com/auth/cloud-platform"]
[debug] [2026-02-26T04:04:20.857Z] > authorizing via signed-in user (com3run@gmail.com)
[debug] [2026-02-27T11:15:48.804Z] > command requires scopes: ["email","openid","https://www.googleapis.com/auth/cloudplatformprojects.readonly","https://www.googleapis.com/auth/firebase","https://www.googleapis.com/auth/cloud-platform"]
[debug] [2026-02-27T11:15:48.805Z] > authorizing via signed-in user (com3run@gmail.com)
[debug] [2026-02-27T11:15:48.805Z] > command requires scopes: ["email","openid","https://www.googleapis.com/auth/cloudplatformprojects.readonly","https://www.googleapis.com/auth/firebase","https://www.googleapis.com/auth/cloud-platform"]
[debug] [2026-02-27T11:15:48.805Z] > authorizing via signed-in user (com3run@gmail.com)
[debug] [2026-02-27T11:15:48.813Z] > command requires scopes: ["email","openid","https://www.googleapis.com/auth/cloudplatformprojects.readonly","https://www.googleapis.com/auth/firebase","https://www.googleapis.com/auth/cloud-platform"]
[debug] [2026-02-27T11:15:48.813Z] > authorizing via signed-in user (com3run@gmail.com)
[debug] [2026-02-27T11:15:48.834Z] Checked if tokens are valid: true, expires at: 1772192880190
[debug] [2026-02-27T11:15:48.834Z] Checked if tokens are valid: true, expires at: 1772192880190
[debug] [2026-02-27T11:15:48.834Z] >>> [apiv2][query] GET https://serviceusage.googleapis.com/v1/projects//services/firebaseappdistribution.googleapis.com [none]
[debug] [2026-02-27T11:15:48.835Z] >>> [apiv2][(partial)header] GET https://serviceusage.googleapis.com/v1/projects//services/firebaseappdistribution.googleapis.com x-goog-quota-user=projects/
[debug] [2026-02-27T11:15:48.835Z] Checked if tokens are valid: true, expires at: 1772192880190
[debug] [2026-02-27T11:15:48.835Z] Checked if tokens are valid: true, expires at: 1772192880190
[debug] [2026-02-27T11:15:48.835Z] >>> [apiv2][query] GET https://serviceusage.googleapis.com/v1/projects//services/firebaseappdistribution.googleapis.com [none]
[debug] [2026-02-27T11:15:48.835Z] >>> [apiv2][(partial)header] GET https://serviceusage.googleapis.com/v1/projects//services/firebaseappdistribution.googleapis.com x-goog-quota-user=projects/
[debug] [2026-02-27T11:15:48.837Z] Checked if tokens are valid: true, expires at: 1772192880190
[debug] [2026-02-27T11:15:48.837Z] Checked if tokens are valid: true, expires at: 1772192880190
[debug] [2026-02-27T11:15:48.837Z] >>> [apiv2][query] GET https://serviceusage.googleapis.com/v1/projects//services/firebaseappdistribution.googleapis.com [none]
[debug] [2026-02-27T11:15:48.837Z] >>> [apiv2][(partial)header] GET https://serviceusage.googleapis.com/v1/projects//services/firebaseappdistribution.googleapis.com x-goog-quota-user=projects/
[debug] [2026-02-27T11:15:50.382Z] <<< [apiv2][status] GET https://serviceusage.googleapis.com/v1/projects//services/firebaseappdistribution.googleapis.com 400
[debug] [2026-02-27T11:15:50.382Z] <<< [apiv2][body] GET https://serviceusage.googleapis.com/v1/projects//services/firebaseappdistribution.googleapis.com [omitted]
[debug] [2026-02-27T11:15:50.386Z] <<< [apiv2][status] GET https://serviceusage.googleapis.com/v1/projects//services/firebaseappdistribution.googleapis.com 400
[debug] [2026-02-27T11:15:50.386Z] <<< [apiv2][body] GET https://serviceusage.googleapis.com/v1/projects//services/firebaseappdistribution.googleapis.com [omitted]
[debug] [2026-02-27T11:15:50.390Z] <<< [apiv2][status] GET https://serviceusage.googleapis.com/v1/projects//services/firebaseappdistribution.googleapis.com 400
[debug] [2026-02-27T11:15:50.390Z] <<< [apiv2][body] GET https://serviceusage.googleapis.com/v1/projects//services/firebaseappdistribution.googleapis.com [omitted]
[debug] [2026-02-27T11:15:50.432Z] > command requires scopes: ["email","openid","https://www.googleapis.com/auth/cloudplatformprojects.readonly","https://www.googleapis.com/auth/firebase","https://www.googleapis.com/auth/cloud-platform"]
[debug] [2026-02-27T11:15:50.432Z] > authorizing via signed-in user (com3run@gmail.com)
[debug] [2026-02-27T11:15:50.432Z] > command requires scopes: ["email","openid","https://www.googleapis.com/auth/cloudplatformprojects.readonly","https://www.googleapis.com/auth/firebase","https://www.googleapis.com/auth/cloud-platform"]
[debug] [2026-02-27T11:15:50.432Z] > authorizing via signed-in user (com3run@gmail.com)
[debug] [2026-02-27T11:15:50.437Z] > command requires scopes: ["email","openid","https://www.googleapis.com/auth/cloudplatformprojects.readonly","https://www.googleapis.com/auth/firebase","https://www.googleapis.com/auth/cloud-platform"]
[debug] [2026-02-27T11:15:50.437Z] > authorizing via signed-in user (com3run@gmail.com)
[debug] [2026-02-27T11:15:50.438Z] > command requires scopes: ["email","openid","https://www.googleapis.com/auth/cloudplatformprojects.readonly","https://www.googleapis.com/auth/firebase","https://www.googleapis.com/auth/cloud-platform"]
[debug] [2026-02-27T11:15:50.438Z] > authorizing via signed-in user (com3run@gmail.com)
[debug] [2026-02-27T12:34:30.132Z] > command requires scopes: ["email","openid","https://www.googleapis.com/auth/cloudplatformprojects.readonly","https://www.googleapis.com/auth/firebase","https://www.googleapis.com/auth/cloud-platform"]
[debug] [2026-02-27T12:34:30.133Z] > authorizing via signed-in user (com3run@gmail.com)
[debug] [2026-02-27T12:34:30.134Z] > command requires scopes: ["email","openid","https://www.googleapis.com/auth/cloudplatformprojects.readonly","https://www.googleapis.com/auth/firebase","https://www.googleapis.com/auth/cloud-platform"]
[debug] [2026-02-27T12:34:30.134Z] > authorizing via signed-in user (com3run@gmail.com)
[debug] [2026-02-27T12:34:30.139Z] > command requires scopes: ["email","openid","https://www.googleapis.com/auth/cloudplatformprojects.readonly","https://www.googleapis.com/auth/firebase","https://www.googleapis.com/auth/cloud-platform"]
[debug] [2026-02-27T12:34:30.139Z] > authorizing via signed-in user (com3run@gmail.com)
[debug] [2026-02-27T12:34:30.160Z] Checked if tokens are valid: true, expires at: 1772199170528
[debug] [2026-02-27T12:34:30.160Z] Checked if tokens are valid: true, expires at: 1772199170528
[debug] [2026-02-27T12:34:30.160Z] >>> [apiv2][query] GET https://serviceusage.googleapis.com/v1/projects//services/firebaseappdistribution.googleapis.com [none]
[debug] [2026-02-27T12:34:30.161Z] >>> [apiv2][(partial)header] GET https://serviceusage.googleapis.com/v1/projects//services/firebaseappdistribution.googleapis.com x-goog-quota-user=projects/
[debug] [2026-02-27T12:34:30.161Z] Checked if tokens are valid: true, expires at: 1772199170528
[debug] [2026-02-27T12:34:30.161Z] Checked if tokens are valid: true, expires at: 1772199170528
[debug] [2026-02-27T12:34:30.161Z] >>> [apiv2][query] GET https://serviceusage.googleapis.com/v1/projects//services/firebaseappdistribution.googleapis.com [none]
[debug] [2026-02-27T12:34:30.161Z] >>> [apiv2][(partial)header] GET https://serviceusage.googleapis.com/v1/projects//services/firebaseappdistribution.googleapis.com x-goog-quota-user=projects/
[debug] [2026-02-27T12:34:30.162Z] Checked if tokens are valid: true, expires at: 1772199170528
[debug] [2026-02-27T12:34:30.162Z] Checked if tokens are valid: true, expires at: 1772199170528
[debug] [2026-02-27T12:34:30.162Z] >>> [apiv2][query] GET https://serviceusage.googleapis.com/v1/projects//services/firebaseappdistribution.googleapis.com [none]
[debug] [2026-02-27T12:34:30.163Z] >>> [apiv2][(partial)header] GET https://serviceusage.googleapis.com/v1/projects//services/firebaseappdistribution.googleapis.com x-goog-quota-user=projects/
[debug] [2026-02-27T12:34:31.593Z] <<< [apiv2][status] GET https://serviceusage.googleapis.com/v1/projects//services/firebaseappdistribution.googleapis.com 400
[debug] [2026-02-27T12:34:31.593Z] <<< [apiv2][body] GET https://serviceusage.googleapis.com/v1/projects//services/firebaseappdistribution.googleapis.com [omitted]
[debug] [2026-02-27T12:34:31.600Z] <<< [apiv2][status] GET https://serviceusage.googleapis.com/v1/projects//services/firebaseappdistribution.googleapis.com 400
[debug] [2026-02-27T12:34:31.600Z] <<< [apiv2][body] GET https://serviceusage.googleapis.com/v1/projects//services/firebaseappdistribution.googleapis.com [omitted]
[debug] [2026-02-27T12:34:31.608Z] <<< [apiv2][status] GET https://serviceusage.googleapis.com/v1/projects//services/firebaseappdistribution.googleapis.com 400
[debug] [2026-02-27T12:34:31.608Z] <<< [apiv2][body] GET https://serviceusage.googleapis.com/v1/projects//services/firebaseappdistribution.googleapis.com [omitted]
[debug] [2026-02-27T12:34:31.645Z] > command requires scopes: ["email","openid","https://www.googleapis.com/auth/cloudplatformprojects.readonly","https://www.googleapis.com/auth/firebase","https://www.googleapis.com/auth/cloud-platform"]
[debug] [2026-02-27T12:34:31.645Z] > authorizing via signed-in user (com3run@gmail.com)
[debug] [2026-02-27T12:34:31.646Z] > command requires scopes: ["email","openid","https://www.googleapis.com/auth/cloudplatformprojects.readonly","https://www.googleapis.com/auth/firebase","https://www.googleapis.com/auth/cloud-platform"]
[debug] [2026-02-27T12:34:31.646Z] > authorizing via signed-in user (com3run@gmail.com)
[debug] [2026-02-27T12:34:31.662Z] > command requires scopes: ["email","openid","https://www.googleapis.com/auth/cloudplatformprojects.readonly","https://www.googleapis.com/auth/firebase","https://www.googleapis.com/auth/cloud-platform"]
[debug] [2026-02-27T12:34:31.662Z] > authorizing via signed-in user (com3run@gmail.com)
[debug] [2026-02-27T12:34:31.663Z] > command requires scopes: ["email","openid","https://www.googleapis.com/auth/cloudplatformprojects.readonly","https://www.googleapis.com/auth/firebase","https://www.googleapis.com/auth/cloud-platform"]
[debug] [2026-02-27T12:34:31.663Z] > authorizing via signed-in user (com3run@gmail.com)
